<?xml version="1.0" encoding="UTF-8"?>
<!-- Generated by org.testng.reporters.JUnitReportReporter -->
<testsuite hostname="LAPTOP-QEGG51D4" failures="0" tests="1" name="abhirahul.Mavenjava.SeleniumTest" time="0.015" errors="0" timestamp="2022-04-03T22:14:37 IST" skipped="0">
  <testcase classname="abhirahul.Mavenjava.SeleniumTest" name="elementsUI" time="0.015"/>
  <system-out/>
</testsuite> <!-- abhirahul.Mavenjava.SeleniumTest -->
