<?xml version="1.0" encoding="UTF-8"?>
<!-- Generated by org.testng.reporters.JUnitReportReporter -->
<testsuite hostname="LAPTOP-QEGG51D4" failures="0" tests="2" name="abhirahul.Mavenjava.RESTAPITest" time="0.009" errors="0" timestamp="2022-04-03T22:14:37 IST" skipped="0">
  <testcase classname="abhirahul.Mavenjava.RESTAPITest" name="base" time="0.007"/>
  <system-out/>
  <testcase classname="abhirahul.Mavenjava.RESTAPITest" name="motive" time="0.002"/>
  <system-out/>
</testsuite> <!-- abhirahul.Mavenjava.RESTAPITest -->
