<?xml version="1.0" encoding="UTF-8"?>
<!-- Generated by org.testng.reporters.JUnitReportReporter -->
<testsuite hostname="LAPTOP-QEGG51D4" failures="0" tests="2" name="abhirahul.Mavenjava.AppiumTest" time="0.005" errors="0" timestamp="2022-04-03T22:14:37 IST" skipped="0">
  <testcase classname="abhirahul.Mavenjava.AppiumTest" name="postjira" time="0.003"/>
  <system-out/>
  <testcase classname="abhirahul.Mavenjava.AppiumTest" name="deletetwitter" time="0.002"/>
  <system-out/>
</testsuite> <!-- abhirahul.Mavenjava.AppiumTest -->
